This is pdfTeX, Version 3.14159265-2.6-1.40.15 (TeX Live 2014/Fink) (preloaded format=pdftex 2015.7.22)  22 JUL 2015 21:48
entering extended mode
 restricted \write18 enabled.
 %&-line parsing enabled.
**cv_10.tex
(./cv_10.tex
! Undefined control sequence.
l.22 \documentclass
                   []{friggeri-cv} % Add 'print' as an option into the squar...

? 
! Interruption.
<to be read again> 
                   [
l.22 \documentclass[
                    ]{friggeri-cv} % Add 'print' as an option into the squar...

? 
! Undefined control sequence.
l.24 \begin
           {document}
? 
! Undefined control sequence.
l.26 \header
            {shawna}{j}{roberts}{} % Your name and current job title/field
? 
! Undefined control sequence.
l.32 \begin
           {aside} % In the aside, each new line forces a line break
? 
! Undefined control sequence.
l.33 \section
             {contact}
? 
! Undefined control sequence.
l.38 {\genericons
                  $\char"F437$} (847) 791 4808
? 
! Bad character code (62519).
<to be read again> 
                   $
l.38 {\genericons $\char"F437$
                              } (847) 791 4808
? 
! Undefined control sequence.
l.40 \href
          {mailto:hello@shawnajroberts.com}{hello@
? 
! Undefined control sequence.
l.42 \section
             {management}
? 
! Undefined control sequence.
l.47 \section
             {communication}
? 
! Undefined control sequence.
l.51 \section
             {programming}
? 

Overfull \hbox (70.4232pt too wide) in paragraph at lines 32--56
[]\tenrm aside con-tact 6649 N Green-view Ave Apt 2A Chicago IL 60626   $\tensy
 ^^A$ \tenrm (847) 791 4808   mailto:hello@shawnajroberts.comhello@|

\hbox(7.5+2.5)x469.75499, glue set - 1.0
.\hbox(0.0+0.0)x20.0
.\tenrm a
.\tenrm s
.\tenrm i
.\tenrm d
.etc.

[1{/sw/var/lib/texmf/fonts/map/pdftex/updmap/pdftex.map}] )</sw/share/texmf-dis
t/fonts/type1/public/amsfonts/cm/cmr10.pfb></sw/share/texmf-dist/fonts/type1/pu
blic/amsfonts/cm/cmsy10.pfb>
Output written on cv_10.pdf (1 page, 28378 bytes).
PDF statistics:
 16 PDF objects out of 1000 (max. 8388607)
 10 compressed objects within 1 object stream
 0 named destinations out of 1000 (max. 500000)
 1 words of extra memory for PDF output out of 10000 (max. 10000000)

